<?xml version="1.0" encoding="utf-8"?><testsuites name="pytest tests"><testsuite name="pytest" errors="0" failures="1" skipped="0" tests="13" time="18.766" timestamp="2026-09-07T05:27:37.684556+00:00" hostname="agent-env-e7583aed-cc86-489f-ad70-2956b5eb481e"><testcase classname="tests.backend_test.TestMeta" name="test_demo_state" time="0.346" /><testcase classname="tests.backend_test.TestDecide" name="test_decide_default" time="0.296" /><testcase classname="tests.backend_test.TestDecide" name="test_decide_price_shock" time="0.166" /><testcase classname="tests.backend_test.TestMeta" name="test_prices_meta" time="0.099" /><testcase classname="tests.backend_test.TestMeta" name="test_prices_latest_onion" time="0.077" /><testcase classname="tests.backend_test.TestDecide" name="test_decide_wait_days" time="0.081" /><testcase classname="tests.backend_test.TestMeta" name="test_prices_series" time="0.073" /><testcase classname="tests.backend_test.TestLotLifecycle" name="test_full_flow" time="17.554" /><testcase classname="tests.backend_test.TestMeta" name="test_forecast_shape" time="0.075"><failure message="assert 0 &gt; 0&#10; +  where 0 = len([])">backend/tests/backend_test.py:85: in test_forecast_shape
    assert len(points) &gt; 0
E   assert 0 &gt; 0
E    +  where 0 = len([])</failure></testcase><testcase classname="tests.backend_test.TestMeta" name="test_buyers_match" time="0.070" /><testcase classname="tests.backend_test.TestMeta" name="test_pulse" time="0.074" /><testcase classname="tests.backend_test.TestMeta" name="test_console" time="0.105" /><testcase classname="tests.backend_test.TestMeta" name="test_audit" time="0.065" /></testsuite></testsuites>